{"/Users/max/Library/CloudStorage/Dropbox/code/springboard-profile-collection/express-biztime/app.js": {"path":"/Users/max/Library/CloudStorage/Dropbox/code/springboard-profile-collection/express-biztime/app.js","statementMap":{"0":{"start":{"line":3,"column":16},"end":{"line":3,"column":34}},"1":{"start":{"line":5,"column":12},"end":{"line":5,"column":21}},"2":{"start":{"line":6,"column":21},"end":{"line":6,"column":46}},"3":{"start":{"line":8,"column":0},"end":{"line":8,"column":24}},"4":{"start":{"line":11,"column":16},"end":{"line":11,"column":45}},"5":{"start":{"line":12,"column":0},"end":{"line":12,"column":31}},"6":{"start":{"line":14,"column":16},"end":{"line":14,"column":44}},"7":{"start":{"line":15,"column":0},"end":{"line":15,"column":30}},"8":{"start":{"line":19,"column":0},"end":{"line":22,"column":3}},"9":{"start":{"line":20,"column":14},"end":{"line":20,"column":48}},"10":{"start":{"line":21,"column":2},"end":{"line":21,"column":19}},"11":{"start":{"line":26,"column":0},"end":{"line":33,"column":3}},"12":{"start":{"line":27,"column":2},"end":{"line":27,"column":32}},"13":{"start":{"line":29,"column":2},"end":{"line":32,"column":5}},"14":{"start":{"line":35,"column":0},"end":{"line":35,"column":21}}},"fnMap":{"0":{"name":"(anonymous_0)","decl":{"start":{"line":19,"column":8},"end":{"line":19,"column":9}},"loc":{"start":{"line":19,"column":34},"end":{"line":22,"column":1}},"line":19},"1":{"name":"(anonymous_1)","decl":{"start":{"line":26,"column":8},"end":{"line":26,"column":9}},"loc":{"start":{"line":26,"column":33},"end":{"line":33,"column":1}},"line":26}},"branchMap":{"0":{"loc":{"start":{"line":27,"column":13},"end":{"line":27,"column":30}},"type":"binary-expr","locations":[{"start":{"line":27,"column":13},"end":{"line":27,"column":23}},{"start":{"line":27,"column":27},"end":{"line":27,"column":30}}],"line":27}},"s":{"0":1,"1":1,"2":1,"3":1,"4":1,"5":1,"6":1,"7":1,"8":1,"9":0,"10":0,"11":1,"12":0,"13":0,"14":1},"f":{"0":0,"1":0},"b":{"0":[0,0]},"_coverageSchema":"1a1c01bbd47fc00a2c39e90264f33305004495a9","hash":"6eab4e2f552f5dc5a4d9e3b438b003581bf0fe06"}
,"/Users/max/Library/CloudStorage/Dropbox/code/springboard-profile-collection/express-biztime/db.js": {"path":"/Users/max/Library/CloudStorage/Dropbox/code/springboard-profile-collection/express-biztime/db.js","statementMap":{"0":{"start":{"line":3,"column":19},"end":{"line":3,"column":32}},"1":{"start":{"line":7,"column":0},"end":{"line":11,"column":1}},"2":{"start":{"line":8,"column":2},"end":{"line":8,"column":40}},"3":{"start":{"line":10,"column":2},"end":{"line":10,"column":35}},"4":{"start":{"line":13,"column":9},"end":{"line":15,"column":2}},"5":{"start":{"line":17,"column":0},"end":{"line":17,"column":13}},"6":{"start":{"line":19,"column":0},"end":{"line":19,"column":20}}},"fnMap":{},"branchMap":{"0":{"loc":{"start":{"line":7,"column":0},"end":{"line":11,"column":1}},"type":"if","locations":[{"start":{"line":7,"column":0},"end":{"line":11,"column":1}},{"start":{"line":9,"column":7},"end":{"line":11,"column":1}}],"line":7}},"s":{"0":1,"1":1,"2":1,"3":0,"4":1,"5":1,"6":1},"f":{},"b":{"0":[1,0]},"_coverageSchema":"1a1c01bbd47fc00a2c39e90264f33305004495a9","hash":"7932ef792bc0b56c1f49911c8f1963a5307a1116"}
,"/Users/max/Library/CloudStorage/Dropbox/code/springboard-profile-collection/express-biztime/expressError.js": {"path":"/Users/max/Library/CloudStorage/Dropbox/code/springboard-profile-collection/express-biztime/expressError.js","statementMap":{"0":{"start":{"line":9,"column":4},"end":{"line":9,"column":12}},"1":{"start":{"line":10,"column":4},"end":{"line":10,"column":27}},"2":{"start":{"line":11,"column":4},"end":{"line":11,"column":25}},"3":{"start":{"line":12,"column":4},"end":{"line":12,"column":30}},"4":{"start":{"line":17,"column":0},"end":{"line":17,"column":30}}},"fnMap":{"0":{"name":"(anonymous_0)","decl":{"start":{"line":8,"column":2},"end":{"line":8,"column":3}},"loc":{"start":{"line":8,"column":31},"end":{"line":13,"column":3}},"line":8}},"branchMap":{},"s":{"0":0,"1":0,"2":0,"3":0,"4":1},"f":{"0":0},"b":{},"_coverageSchema":"1a1c01bbd47fc00a2c39e90264f33305004495a9","hash":"03137e5f536ba76b346375f2ab3a6db824061a9f"}
,"/Users/max/Library/CloudStorage/Dropbox/code/springboard-profile-collection/express-biztime/routes/companies.js": {"path":"/Users/max/Library/CloudStorage/Dropbox/code/springboard-profile-collection/express-biztime/routes/companies.js","statementMap":{"0":{"start":{"line":1,"column":16},"end":{"line":1,"column":34}},"1":{"start":{"line":2,"column":21},"end":{"line":2,"column":47}},"2":{"start":{"line":3,"column":15},"end":{"line":3,"column":31}},"3":{"start":{"line":4,"column":11},"end":{"line":4,"column":27}},"4":{"start":{"line":7,"column":0},"end":{"line":14,"column":3}},"5":{"start":{"line":8,"column":2},"end":{"line":13,"column":3}},"6":{"start":{"line":9,"column":20},"end":{"line":9,"column":61}},"7":{"start":{"line":10,"column":4},"end":{"line":10,"column":49}},"8":{"start":{"line":12,"column":4},"end":{"line":12,"column":19}},"9":{"start":{"line":17,"column":0},"end":{"line":28,"column":3}},"10":{"start":{"line":18,"column":2},"end":{"line":27,"column":3}},"11":{"start":{"line":19,"column":40},"end":{"line":19,"column":48}},"12":{"start":{"line":20,"column":20},"end":{"line":23,"column":5}},"13":{"start":{"line":24,"column":4},"end":{"line":24,"column":62}},"14":{"start":{"line":26,"column":4},"end":{"line":26,"column":19}},"15":{"start":{"line":31,"column":0},"end":{"line":51,"column":3}},"16":{"start":{"line":32,"column":2},"end":{"line":50,"column":3}},"17":{"start":{"line":33,"column":19},"end":{"line":33,"column":29}},"18":{"start":{"line":34,"column":20},"end":{"line":36,"column":6}},"19":{"start":{"line":37,"column":27},"end":{"line":40,"column":5}},"20":{"start":{"line":41,"column":18},"end":{"line":41,"column":33}},"21":{"start":{"line":42,"column":19},"end":{"line":42,"column":38}},"22":{"start":{"line":43,"column":4},"end":{"line":43,"column":53}},"23":{"start":{"line":43,"column":45},"end":{"line":43,"column":51}},"24":{"start":{"line":44,"column":4},"end":{"line":46,"column":5}},"25":{"start":{"line":45,"column":6},"end":{"line":45,"column":66}},"26":{"start":{"line":47,"column":4},"end":{"line":47,"column":42}},"27":{"start":{"line":49,"column":4},"end":{"line":49,"column":19}},"28":{"start":{"line":54,"column":0},"end":{"line":69,"column":3}},"29":{"start":{"line":55,"column":2},"end":{"line":68,"column":3}},"30":{"start":{"line":56,"column":19},"end":{"line":56,"column":29}},"31":{"start":{"line":57,"column":40},"end":{"line":57,"column":48}},"32":{"start":{"line":58,"column":20},"end":{"line":61,"column":5}},"33":{"start":{"line":62,"column":4},"end":{"line":64,"column":5}},"34":{"start":{"line":63,"column":6},"end":{"line":63,"column":66}},"35":{"start":{"line":65,"column":4},"end":{"line":65,"column":50}},"36":{"start":{"line":67,"column":4},"end":{"line":67,"column":19}},"37":{"start":{"line":71,"column":0},"end":{"line":71,"column":24}}},"fnMap":{"0":{"name":"(anonymous_0)","decl":{"start":{"line":7,"column":16},"end":{"line":7,"column":17}},"loc":{"start":{"line":7,"column":42},"end":{"line":14,"column":1}},"line":7},"1":{"name":"(anonymous_1)","decl":{"start":{"line":17,"column":17},"end":{"line":17,"column":18}},"loc":{"start":{"line":17,"column":43},"end":{"line":28,"column":1}},"line":17},"2":{"name":"(anonymous_2)","decl":{"start":{"line":31,"column":19},"end":{"line":31,"column":20}},"loc":{"start":{"line":31,"column":45},"end":{"line":51,"column":1}},"line":31},"3":{"name":"(anonymous_3)","decl":{"start":{"line":43,"column":36},"end":{"line":43,"column":37}},"loc":{"start":{"line":43,"column":45},"end":{"line":43,"column":51}},"line":43},"4":{"name":"(anonymous_4)","decl":{"start":{"line":54,"column":19},"end":{"line":54,"column":20}},"loc":{"start":{"line":54,"column":45},"end":{"line":69,"column":1}},"line":54}},"branchMap":{"0":{"loc":{"start":{"line":44,"column":4},"end":{"line":46,"column":5}},"type":"if","locations":[{"start":{"line":44,"column":4},"end":{"line":46,"column":5}},{"start":{},"end":{}}],"line":44},"1":{"loc":{"start":{"line":62,"column":4},"end":{"line":64,"column":5}},"type":"if","locations":[{"start":{"line":62,"column":4},"end":{"line":64,"column":5}},{"start":{},"end":{}}],"line":62}},"s":{"0":1,"1":1,"2":1,"3":1,"4":1,"5":1,"6":1,"7":1,"8":0,"9":1,"10":0,"11":0,"12":0,"13":0,"14":0,"15":1,"16":0,"17":0,"18":0,"19":0,"20":0,"21":0,"22":0,"23":0,"24":0,"25":0,"26":0,"27":0,"28":1,"29":0,"30":0,"31":0,"32":0,"33":0,"34":0,"35":0,"36":0,"37":1},"f":{"0":1,"1":0,"2":0,"3":0,"4":0},"b":{"0":[0,0],"1":[0,0]},"_coverageSchema":"1a1c01bbd47fc00a2c39e90264f33305004495a9","hash":"5240f853e36ad863017ff429d6118cc9203d6811"}
,"/Users/max/Library/CloudStorage/Dropbox/code/springboard-profile-collection/express-biztime/routes/invoices.js": {"path":"/Users/max/Library/CloudStorage/Dropbox/code/springboard-profile-collection/express-biztime/routes/invoices.js","statementMap":{"0":{"start":{"line":1,"column":16},"end":{"line":1,"column":34}},"1":{"start":{"line":2,"column":21},"end":{"line":2,"column":47}},"2":{"start":{"line":3,"column":15},"end":{"line":3,"column":31}},"3":{"start":{"line":4,"column":11},"end":{"line":4,"column":27}},"4":{"start":{"line":7,"column":0},"end":{"line":14,"column":3}},"5":{"start":{"line":8,"column":2},"end":{"line":13,"column":3}},"6":{"start":{"line":9,"column":20},"end":{"line":9,"column":60}},"7":{"start":{"line":10,"column":4},"end":{"line":10,"column":48}},"8":{"start":{"line":12,"column":4},"end":{"line":12,"column":19}},"9":{"start":{"line":17,"column":0},"end":{"line":30,"column":3}},"10":{"start":{"line":18,"column":2},"end":{"line":29,"column":3}},"11":{"start":{"line":19,"column":19},"end":{"line":19,"column":29}},"12":{"start":{"line":20,"column":20},"end":{"line":22,"column":6}},"13":{"start":{"line":23,"column":4},"end":{"line":25,"column":5}},"14":{"start":{"line":24,"column":6},"end":{"line":24,"column":66}},"15":{"start":{"line":26,"column":4},"end":{"line":26,"column":50}},"16":{"start":{"line":28,"column":4},"end":{"line":28,"column":19}},"17":{"start":{"line":33,"column":0},"end":{"line":44,"column":3}},"18":{"start":{"line":34,"column":2},"end":{"line":43,"column":3}},"19":{"start":{"line":35,"column":31},"end":{"line":35,"column":39}},"20":{"start":{"line":36,"column":20},"end":{"line":39,"column":5}},"21":{"start":{"line":40,"column":4},"end":{"line":40,"column":62}},"22":{"start":{"line":42,"column":4},"end":{"line":42,"column":19}},"23":{"start":{"line":47,"column":0},"end":{"line":62,"column":3}},"24":{"start":{"line":48,"column":2},"end":{"line":61,"column":3}},"25":{"start":{"line":49,"column":19},"end":{"line":49,"column":29}},"26":{"start":{"line":50,"column":20},"end":{"line":50,"column":28}},"27":{"start":{"line":51,"column":20},"end":{"line":54,"column":5}},"28":{"start":{"line":55,"column":4},"end":{"line":57,"column":5}},"29":{"start":{"line":56,"column":6},"end":{"line":56,"column":66}},"30":{"start":{"line":58,"column":4},"end":{"line":58,"column":50}},"31":{"start":{"line":60,"column":4},"end":{"line":60,"column":19}},"32":{"start":{"line":65,"column":0},"end":{"line":73,"column":3}},"33":{"start":{"line":66,"column":2},"end":{"line":72,"column":3}},"34":{"start":{"line":67,"column":19},"end":{"line":67,"column":29}},"35":{"start":{"line":68,"column":20},"end":{"line":68,"column":78}},"36":{"start":{"line":69,"column":4},"end":{"line":69,"column":43}},"37":{"start":{"line":71,"column":4},"end":{"line":71,"column":19}},"38":{"start":{"line":75,"column":0},"end":{"line":75,"column":24}}},"fnMap":{"0":{"name":"(anonymous_0)","decl":{"start":{"line":7,"column":16},"end":{"line":7,"column":17}},"loc":{"start":{"line":7,"column":42},"end":{"line":14,"column":1}},"line":7},"1":{"name":"(anonymous_1)","decl":{"start":{"line":17,"column":19},"end":{"line":17,"column":20}},"loc":{"start":{"line":17,"column":45},"end":{"line":30,"column":1}},"line":17},"2":{"name":"(anonymous_2)","decl":{"start":{"line":33,"column":17},"end":{"line":33,"column":18}},"loc":{"start":{"line":33,"column":43},"end":{"line":44,"column":1}},"line":33},"3":{"name":"(anonymous_3)","decl":{"start":{"line":47,"column":19},"end":{"line":47,"column":20}},"loc":{"start":{"line":47,"column":45},"end":{"line":62,"column":1}},"line":47},"4":{"name":"(anonymous_4)","decl":{"start":{"line":65,"column":22},"end":{"line":65,"column":23}},"loc":{"start":{"line":65,"column":48},"end":{"line":73,"column":1}},"line":65}},"branchMap":{"0":{"loc":{"start":{"line":23,"column":4},"end":{"line":25,"column":5}},"type":"if","locations":[{"start":{"line":23,"column":4},"end":{"line":25,"column":5}},{"start":{},"end":{}}],"line":23},"1":{"loc":{"start":{"line":55,"column":4},"end":{"line":57,"column":5}},"type":"if","locations":[{"start":{"line":55,"column":4},"end":{"line":57,"column":5}},{"start":{},"end":{}}],"line":55}},"s":{"0":1,"1":1,"2":1,"3":1,"4":1,"5":0,"6":0,"7":0,"8":0,"9":1,"10":0,"11":0,"12":0,"13":0,"14":0,"15":0,"16":0,"17":1,"18":0,"19":0,"20":0,"21":0,"22":0,"23":1,"24":0,"25":0,"26":0,"27":0,"28":0,"29":0,"30":0,"31":0,"32":1,"33":0,"34":0,"35":0,"36":0,"37":0,"38":1},"f":{"0":0,"1":0,"2":0,"3":0,"4":0},"b":{"0":[0,0],"1":[0,0]},"_coverageSchema":"1a1c01bbd47fc00a2c39e90264f33305004495a9","hash":"5a7408ebe77915884b2880ac39c6850992a96334"}
}
